0 info it worked if it ends with ok
1 verbose cli [ '/home/gabor/.nvm/versions/io.js/v1.7.1/bin/iojs',
1 verbose cli   '/home/gabor/.nvm/versions/io.js/v1.7.1/bin/npm',
1 verbose cli   'install' ]
2 info using npm@2.7.6
3 info using node@v1.7.1
4 verbose readDependencies loading dependencies from /home/gabor/git/albers-core/package.json
5 warn package.json albers-core-module@1.0.0 No repository field.
6 verbose install where, deps [ '/home/gabor/git/albers-core',
6 verbose install   [ 'bindings', 'cmake-js', 'nan' ] ]
7 verbose install where, peers [ '/home/gabor/git/albers-core', [] ]
8 verbose installManyTop reading for lifecycle /home/gabor/git/albers-core/package.json
9 info preinstall albers-core-module@1.0.0
10 verbose installManyTop reading scoped package data from /home/gabor/git/albers-core/node_modules/bindings/package.json
11 verbose installManyTop reading scoped package data from /home/gabor/git/albers-core/node_modules/cmake-js/package.json
12 verbose installManyTop reading scoped package data from /home/gabor/git/albers-core/node_modules/nan/package.json
13 verbose readDependencies loading dependencies from /home/gabor/git/albers-core/package.json
14 verbose targetResolver reading package data from /home/gabor/git/albers-core/node_modules/bindings/package.json
15 verbose targetResolver reading package data from /home/gabor/git/albers-core/node_modules/cmake-js/package.json
16 verbose targetResolver reading package data from /home/gabor/git/albers-core/node_modules/nan/package.json
17 verbose targetResolver reading package data from /home/gabor/git/albers-core/node_modules/.bin/cmake-js/package.json
18 verbose already installed skipping nan@^1.8.4 /home/gabor/git/albers-core
19 verbose already installed skipping bindings@^1.2.1 /home/gabor/git/albers-core
20 verbose already installed skipping cmake-js@* /home/gabor/git/albers-core
21 silly install resolved []
22 info build /home/gabor/git/albers-core
23 info linkStuff albers-core-module@1.0.0
24 silly linkStuff albers-core-module@1.0.0 has /home/gabor/git as its parent node_modules
25 verbose linkBins albers-core-module@1.0.0
26 verbose linkMans albers-core-module@1.0.0
27 verbose rebuildBundles albers-core-module@1.0.0
28 verbose rebuildBundles [ '.bin', 'bindings', 'cmake-js', 'nan' ]
29 info install albers-core-module@1.0.0
30 verbose unsafe-perm in lifecycle true
31 info albers-core-module@1.0.0 Failed to exec install script
32 verbose stack Error: albers-core-module@1.0.0 install: `node ./node_modules/cmake-js/bin/cmake-js rebuild`
32 verbose stack Exit status 1
32 verbose stack     at EventEmitter.<anonymous> (/home/gabor/.nvm/versions/io.js/v1.7.1/lib/node_modules/npm/lib/utils/lifecycle.js:213:16)
32 verbose stack     at emitTwo (events.js:87:13)
32 verbose stack     at EventEmitter.emit (events.js:169:7)
32 verbose stack     at ChildProcess.<anonymous> (/home/gabor/.nvm/versions/io.js/v1.7.1/lib/node_modules/npm/lib/utils/spawn.js:14:12)
32 verbose stack     at emitTwo (events.js:87:13)
32 verbose stack     at ChildProcess.emit (events.js:169:7)
32 verbose stack     at maybeClose (child_process.js:953:16)
32 verbose stack     at Process.ChildProcess._handle.onexit (child_process.js:1022:5)
33 verbose pkgid albers-core-module@1.0.0
34 verbose cwd /home/gabor/git/albers-core
35 error Linux 3.13.0-37-generic
36 error argv "/home/gabor/.nvm/versions/io.js/v1.7.1/bin/iojs" "/home/gabor/.nvm/versions/io.js/v1.7.1/bin/npm" "install"
37 error node v1.7.1
38 error npm  v2.7.6
39 error code ELIFECYCLE
40 error albers-core-module@1.0.0 install: `node ./node_modules/cmake-js/bin/cmake-js rebuild`
40 error Exit status 1
41 error Failed at the albers-core-module@1.0.0 install script 'node ./node_modules/cmake-js/bin/cmake-js rebuild'.
41 error This is most likely a problem with the albers-core-module package,
41 error not with npm itself.
41 error Tell the author that this fails on your system:
41 error     node ./node_modules/cmake-js/bin/cmake-js rebuild
41 error You can get their info via:
41 error     npm owner ls albers-core-module
41 error There is likely additional logging output above.
42 verbose exit [ 1, true ]
